<?xml version="1.0" encoding="UTF-8"?>
<!-- Generated by org.testng.reporters.JUnitXMLReporter -->
<testsuite ignored="1" hostname="Soruu" failures="0" tests="1" name="Error Validations Test" time="10.144" errors="0" timestamp="2025-06-05T17:58:16 IST">
  <testcase classname="bluebeast.tests.ErrorValidationsTest" name="loginPageErrorValidation" time="1.48"/>
  <testcase classname="bluebeast.tests.ErrorValidationsTest" name="productErrorValidation" time="0.0">
    <ignored/>
  </testcase> <!-- productErrorValidation -->
</testsuite> <!-- Error Validations Test -->
