<?xml version="1.0" encoding="UTF-8"?>
<!-- Generated by org.testng.reporters.JUnitXMLReporter -->
<testsuite ignored="0" hostname="Soruu" failures="0" tests="2" name="Error Validations Test" time="16.754" errors="0" timestamp="2025-06-06T05:24:36 IST">
  <testcase classname="bluebeast.tests.ErrorValidationsTest" name="loginPageErrorValidation" time="0.0">
    <skipped/>
  </testcase> <!-- loginPageErrorValidation -->
  <testcase classname="bluebeast.tests.ErrorValidationsTest" name="productErrorValidation" time="0.002">
    <skipped/>
  </testcase> <!-- productErrorValidation -->
</testsuite> <!-- Error Validations Test -->
